SpeechBrain system description
==============================
Python version:
3.9.7 (default, Sep 16 2021, 13:09:58) 
[GCC 7.5.0]
==============================
Installed Python packages:
appdirs==1.4.4
audioread==2.1.9
certifi==2021.10.8
cffi==1.15.0
charset-normalizer==2.0.12
cycler==0.11.0
decorator==5.1.1
filelock==3.6.0
fonttools==4.31.2
huggingface-hub==0.4.0
HyperPyYAML==1.0.0
idna==3.3
joblib==1.1.0
kiwisolver==1.4.1
librosa==0.9.1
llvmlite==0.38.0
matplotlib==3.5.1
numba==0.55.1
numpy==1.21.5
packaging==21.3
Pillow==9.0.1
pooch==1.6.0
pycparser==2.21
pyparsing==3.0.7
python-dateutil==2.8.2
PyYAML==6.0
requests==2.27.1
resampy==0.2.2
ruamel.yaml==0.17.21
ruamel.yaml.clib==0.2.6
scikit-learn==1.0.2
scipy==1.8.0
sentencepiece==0.1.96
six==1.16.0
SoundFile==0.10.3.post1
speechbrain==0.5.11
threadpoolctl==3.1.0
torch==1.11.0+cu113
torchaudio==0.11.0+cu113
torchsummary==1.5.1
torchvision==0.12.0+cu113
tqdm==4.63.0
typing_extensions==4.1.1
urllib3==1.26.9
==============================
Git revision:
35da685
==============================
Cuda version:
11.3